<?xml version="1.0" encoding="UTF-8"?>
<!-- Generated by org.testng.reporters.JUnitReportReporter -->
<testsuite hostname="MSTSYS0059" name="gov.mst.automation.ica.testmodel.EmployersReportVFPageTest" tests="1" failures="0" timestamp="2 Dec 2018 17:11:43 GMT" time="45.640" errors="0">
  <testcase name="formfill" time="45.640" classname="gov.mst.automation.ica.testmodel.EmployersReportVFPageTest"/>
</testsuite> <!-- gov.mst.automation.ica.testmodel.EmployersReportVFPageTest -->
