<?xml version="1.0" encoding="UTF-8"?>
<!-- Generated by org.testng.reporters.JUnitReportReporter -->
<testsuite hostname="MSTSYS0059" name="gov.mst.automation.ica.testmodel.EmployersReportFormTest" tests="1" failures="0" timestamp="3 Dec 2018 07:23:11 GMT" time="45.292" errors="0">
  <testcase name="formfill" time="45.292" classname="gov.mst.automation.ica.testmodel.EmployersReportFormTest"/>
</testsuite> <!-- gov.mst.automation.ica.testmodel.EmployersReportFormTest -->
