<?xml version="1.0" encoding="UTF-8"?>
<!-- Generated by org.testng.reporters.JUnitReportReporter -->
<testsuite skipped="0" hostname="MSTSYS0059" name="gov.mst.automation.ica.baseclass.BaseTest" tests="1" failures="0" timestamp="25 Nov 2018 11:08:47 GMT" time="0.011" errors="0">
  <testcase name="test" time="0.011" classname="gov.mst.automation.ica.baseclass.BaseTest"/>
</testsuite> <!-- gov.mst.automation.ica.baseclass.BaseTest -->
