<?xml version="1.0" encoding="UTF-8"?>
<!-- Generated by org.testng.reporters.JUnitReportReporter -->
<testsuite hostname="MSTSYS0059" name="gov.mst.automation.ica.testmodel.HomePageTest" tests="1" failures="0" timestamp="1 Dec 2018 07:11:07 GMT" time="30.325" errors="0">
  <testcase name="homepagetest" time="30.325" classname="gov.mst.automation.ica.testmodel.HomePageTest"/>
</testsuite> <!-- gov.mst.automation.ica.testmodel.HomePageTest -->
