<?xml version="1.0" encoding="UTF-8"?>
<!-- Generated by org.testng.reporters.JUnitReportReporter -->
<testsuite hostname="MSTSYS0059" name="gov.mst.automation.ica.commonutility.Email" tests="1" failures="0" timestamp="10 Dec 2018 09:58:06 GMT" time="20.702" errors="0">
  <testcase name="EmailVerify" time="20.702" classname="gov.mst.automation.ica.commonutility.Email"/>
</testsuite> <!-- gov.mst.automation.ica.commonutility.Email -->
