<?xml version="1.0" encoding="UTF-8"?>
<!-- Generated by org.testng.reporters.JUnitReportReporter -->
<testsuite hostname="MSTSYS0059" name="gov.mst.automation.ica.testmodel.LoginPageTest" tests="1" failures="0" timestamp="25 Dec 2018 12:00:43 GMT" time="31.481" errors="0">
  <testcase name="loginValidation" time="31.481" classname="gov.mst.automation.ica.testmodel.LoginPageTest"/>
</testsuite> <!-- gov.mst.automation.ica.testmodel.LoginPageTest -->
