<?xml version="1.0" encoding="UTF-8"?>
<!-- Generated by org.testng.reporters.JUnitReportReporter -->
<testsuite hostname="MSTSYS0059" name="gov.mst.automation.ica.testmodel.EmployersReportFormTest" tests="1" failures="0" timestamp="24 Dec 2018 12:19:13 GMT" time="46.863" errors="0">
  <testcase name="formfill" time="46.863" classname="gov.mst.automation.ica.testmodel.EmployersReportFormTest"/>
</testsuite> <!-- gov.mst.automation.ica.testmodel.EmployersReportFormTest -->
