<?xml version="1.0" encoding="UTF-8"?>
<!-- Generated by org.testng.reporters.JUnitReportReporter -->
<testsuite skipped="0" hostname="MSTSYS0059" name="gov.mst.automation.ica.testmodel.LoginTest" tests="1" failures="0" timestamp="26 Nov 2018 08:51:36 GMT" time="14.884" errors="0">
  <testcase name="loginValidation" time="14.884" classname="gov.mst.automation.ica.testmodel.LoginTest"/>
</testsuite> <!-- gov.mst.automation.ica.testmodel.LoginTest -->
