<?xml version="1.0" encoding="UTF-8"?>
<!-- Generated by org.testng.reporters.JUnitReportReporter -->
<testsuite hostname="MSTSYS0059" name="gov.mst.automation.ica.testmodel.LoginTest" tests="1" failures="0" timestamp="1 Dec 2018 04:27:33 GMT" time="38.482" errors="0">
  <testcase name="loginValidation" time="38.482" classname="gov.mst.automation.ica.testmodel.LoginTest"/>
</testsuite> <!-- gov.mst.automation.ica.testmodel.LoginTest -->
