<?xml version="1.0" encoding="UTF-8"?>
<!-- Generated by org.testng.reporters.JUnitReportReporter -->
<testsuite hostname="MSTSYS0059" name="gov.mst.automation.ica.testmodel.Object_101_Test" tests="2" failures="0" timestamp="26 Dec 2018 02:15:45 GMT" time="195.003" errors="0">
  <testcase name="formValueValidation" time="109.360" classname="gov.mst.automation.ica.testmodel.Object_101_Test"/>
  <testcase name="formValueValidation" time="85.643" classname="gov.mst.automation.ica.testmodel.Object_101_Test"/>
</testsuite> <!-- gov.mst.automation.ica.testmodel.Object_101_Test -->
