<?xml version="1.0" encoding="UTF-8"?>
<!-- Generated by org.testng.reporters.JUnitReportReporter -->
<testsuite hostname="MSTSYS0059" name="gov.mst.automation.ica.testmodel.EmployersReportFormTest" tests="2" failures="0" timestamp="26 Dec 2018 01:40:19 GMT" time="68.828" errors="0">
  <testcase name="employerReportFormSubmission" time="39.183" classname="gov.mst.automation.ica.testmodel.EmployersReportFormTest"/>
  <testcase name="employerReportFormSubmission" time="29.645" classname="gov.mst.automation.ica.testmodel.EmployersReportFormTest"/>
</testsuite> <!-- gov.mst.automation.ica.testmodel.EmployersReportFormTest -->
