<?xml version="1.0" encoding="UTF-8"?>
<!-- Generated by org.testng.reporters.JUnitReportReporter -->
<testsuite hostname="MSTSYS0059" name="gov.mst.automation.ica.testmodel.EmployersReportFormTest" tests="1" failures="0" timestamp="7 Jan 2019 14:08:03 GMT" time="11.390" errors="0">
  <testcase name="test" time="11.390" classname="gov.mst.automation.ica.testmodel.EmployersReportFormTest"/>
</testsuite> <!-- gov.mst.automation.ica.testmodel.EmployersReportFormTest -->
