<?xml version="1.0" encoding="UTF-8"?>
<!-- Generated by org.testng.reporters.JUnitReportReporter -->
<testsuite hostname="MSTSYS0059" name="gov.mst.automation.ica.smoketestmodel.EmployersReportFormTest" tests="4" failures="0" timestamp="8 Jan 2019 04:49:36 GMT" time="84.140" errors="0">
  <testcase name="PartOfBodylinkTest" time="17.094" classname="gov.mst.automation.ica.smoketestmodel.EmployersReportFormTest"/>
  <testcase name="PartOfBodylinkTest" time="28.053" classname="gov.mst.automation.ica.smoketestmodel.EmployersReportFormTest"/>
  <testcase name="RequiredFieldValidation" time="12.934" classname="gov.mst.automation.ica.smoketestmodel.EmployersReportFormTest"/>
  <testcase name="RequiredFieldValidation" time="26.059" classname="gov.mst.automation.ica.smoketestmodel.EmployersReportFormTest"/>
</testsuite> <!-- gov.mst.automation.ica.smoketestmodel.EmployersReportFormTest -->
