<?xml version="1.0" encoding="UTF-8"?>
<!-- Generated by org.testng.reporters.JUnitReportReporter -->
<testsuite hostname="MSTSYS0059" name="gov.mst.automation.ica.testmodel.SFLoginPageTest" tests="1" failures="0" timestamp="1 Dec 2018 04:50:58 GMT" time="13.827" errors="0">
  <testcase name="loginValidation" time="13.827" classname="gov.mst.automation.ica.testmodel.SFLoginPageTest"/>
</testsuite> <!-- gov.mst.automation.ica.testmodel.SFLoginPageTest -->
