<?xml version="1.0" encoding="UTF-8"?>
<!-- Generated by org.testng.reporters.JUnitReportReporter -->
<testsuite hostname="MSTSYS0059" name="gov.mst.automation.ica.testmodel.LoginPageTest" tests="1" failures="0" timestamp="19 Dec 2018 14:57:41 GMT" time="21.568" errors="0">
  <testcase name="loginValidation" time="21.568" classname="gov.mst.automation.ica.testmodel.LoginPageTest"/>
</testsuite> <!-- gov.mst.automation.ica.testmodel.LoginPageTest -->
