<?xml version="1.0" encoding="UTF-8"?>
<!-- Generated by org.testng.reporters.JUnitReportReporter -->
<testsuite hostname="MSTSYS0059" name="gov.mst.automation.ica.testmodel.Object_101_Test" tests="1" failures="0" timestamp="24 Dec 2018 12:21:38 GMT" time="62.790" errors="0">
  <testcase name="formValueValidation" time="62.790" classname="gov.mst.automation.ica.testmodel.Object_101_Test"/>
</testsuite> <!-- gov.mst.automation.ica.testmodel.Object_101_Test -->
